d:\entwicklung\projekte\galaxy at war\src\libcommon\debug\libcommon.pdb
d:\entwicklung\projekte\galaxy at war\src\libcommon\debug\libcommon.idb
d:\entwicklung\projekte\galaxy at war\src\libcommon\debug\settings.obj
d:\entwicklung\projekte\galaxy at war\src\libcommon\debug\valueexception.obj
d:\entwicklung\projekte\galaxy at war\src\libcommon\debug\parserexception.obj
d:\entwicklung\projekte\galaxy at war\src\libcommon\debug\operationexception.obj
d:\entwicklung\projekte\galaxy at war\src\libcommon\debug\objectnode.obj
d:\entwicklung\projekte\galaxy at war\src\libcommon\debug\node.obj
d:\entwicklung\projekte\galaxy at war\src\libcommon\debug\ijsonserializable.obj
d:\entwicklung\projekte\galaxy at war\src\libcommon\debug\formattedprinter.obj
d:\entwicklung\projekte\galaxy at war\src\libcommon\debug\conversions.obj
d:\entwicklung\projekte\galaxy at war\src\libcommon\debug\arraynode.obj
d:\entwicklung\projekte\galaxy at war\src\libcommon\debug\cache.obj
d:\entwicklung\projekte\galaxy at war\src\libcommon\debug\exception.obj
d:\entwicklung\projekte\galaxy at war\src\libcommon\debug\signalevent.obj
d:\entwicklung\projekte\galaxy at war\src\libcommon\debug\timer.obj
d:\entwicklung\projekte\galaxy at war\src\libcommon\debug\roundtimer.obj
d:\entwicklung\projekte\galaxy at war\src\libcommon\debug\random.obj
d:\entwicklung\projekte\galaxy at war\src\libcommon\debug\source.obj
d:\entwicklung\projekte\galaxy at war\src\libcommon\debug\libcommon.tlog\cl.command.1.tlog
d:\entwicklung\projekte\galaxy at war\src\libcommon\debug\libcommon.tlog\cl.read.1.tlog
d:\entwicklung\projekte\galaxy at war\src\libcommon\debug\libcommon.tlog\cl.write.1.tlog
