C:\Program Files (x86)\Microsoft Visual Studio\2019\Community\MSBuild\Microsoft\VC\v160\Microsoft.CppBuild.targets(992,5): warning MSB8027: Two or more files with the name of Parser.cpp will produce outputs to the same location. This can lead to an incorrect build result.  The files involved are src\Calculator\Parsing\Parser.cpp, src\data\json\Parser.cpp.
C:\Program Files (x86)\Microsoft Visual Studio\2019\Community\MSBuild\Microsoft\VC\v160\Microsoft.CppBuild.targets(992,5): warning MSB8027: Two or more files with the name of Tokenizer.cpp will produce outputs to the same location. This can lead to an incorrect build result.  The files involved are src\Calculator\Tokenizing\Tokenizer.cpp, src\data\json\Tokenizer.cpp.
C:\Program Files (x86)\Microsoft Visual Studio\2019\Community\MSBuild\Microsoft\VC\v160\Microsoft.CppBuild.targets(992,5): warning MSB8027: Two or more files with the name of TokenizerException.cpp will produce outputs to the same location. This can lead to an incorrect build result.  The files involved are src\Calculator\Tokenizing\TokenizerException.cpp, src\data\json\TokenizerException.cpp.
C:\Program Files (x86)\Microsoft Visual Studio\2019\Community\MSBuild\Microsoft\VC\v160\Microsoft.CppBuild.targets(992,5): warning MSB8027: Two or more files with the name of Conversions.cpp will produce outputs to the same location. This can lead to an incorrect build result.  The files involved are src\data\json\Conversions.cpp, src\data\StringUtils\Conversions\Conversions.cpp, src\datetime\Conversions.cpp.
  Calculator.cpp
  Config.cpp
D:\Entwicklung\Projekte\Galaxy at War\src\libCommon\include\libCommon\data\String.hpp(156,1): warning C4522:  "util::String": Mehrere Zuweisungsoperatoren angegeben
  DoubleValue.cpp
D:\Entwicklung\Projekte\Galaxy at War\src\libCommon\include\libCommon\data\String.hpp(156,1): warning C4522:  "util::String": Mehrere Zuweisungsoperatoren angegeben
  Evaluationcontext.cpp
D:\Entwicklung\Projekte\Galaxy at War\src\libCommon\include\libCommon\data\String.hpp(156,1): warning C4522:  "util::String": Mehrere Zuweisungsoperatoren angegeben
  Functions.internal.cpp
D:\Entwicklung\Projekte\Galaxy at War\src\libCommon\include\libCommon\data\String.hpp(156,1): warning C4522:  "util::String": Mehrere Zuweisungsoperatoren angegeben
  Ivalue.cpp
D:\Entwicklung\Projekte\Galaxy at War\src\libCommon\include\libCommon\data\String.hpp(156,1): warning C4522:  "util::String": Mehrere Zuweisungsoperatoren angegeben
  Lazyvalue.cpp
D:\Entwicklung\Projekte\Galaxy at War\src\libCommon\include\libCommon\data\String.hpp(156,1): warning C4522:  "util::String": Mehrere Zuweisungsoperatoren angegeben
  Operator.cpp
D:\Entwicklung\Projekte\Galaxy at War\src\libCommon\include\libCommon\data\String.hpp(156,1): warning C4522:  "util::String": Mehrere Zuweisungsoperatoren angegeben
  ExpressionBase.cpp
D:\Entwicklung\Projekte\Galaxy at War\src\libCommon\include\libCommon\data\String.hpp(156,1): warning C4522:  "util::String": Mehrere Zuweisungsoperatoren angegeben
  FunctionExpression.cpp
D:\Entwicklung\Projekte\Galaxy at War\src\libCommon\include\libCommon\data\String.hpp(156,1): warning C4522:  "util::String": Mehrere Zuweisungsoperatoren angegeben
  Parser.cpp
D:\Entwicklung\Projekte\Galaxy at War\src\libCommon\include\libCommon\data\String.hpp(156,1): warning C4522:  "util::String": Mehrere Zuweisungsoperatoren angegeben
D:\Entwicklung\Projekte\Galaxy at War\src\libCommon\include\libCommon\data\String.hpp(156,1): warning C4522:  "util::String": Mehrere Zuweisungsoperatoren angegeben
  ValueExpression.cpp
D:\Entwicklung\Projekte\Galaxy at War\src\libCommon\src\Calculator\Parsing\Parser.cpp(59,24): warning C4018:  "<": Konflikt zwischen "signed" und "unsigned"
  VariableExpression.cpp
D:\Entwicklung\Projekte\Galaxy at War\src\libCommon\include\libCommon\data\String.hpp(156,1): warning C4522:  "util::String": Mehrere Zuweisungsoperatoren angegeben
  ScriptingEnging.cpp
D:\Entwicklung\Projekte\Galaxy at War\src\libCommon\include\libCommon\data\String.hpp(156,1): warning C4522:  "util::String": Mehrere Zuweisungsoperatoren angegeben
D:\Entwicklung\Projekte\Galaxy at War\src\libCommon\include\libCommon\data\String.hpp(156,1): warning C4522:  "util::String": Mehrere Zuweisungsoperatoren angegeben
D:\Entwicklung\Projekte\Galaxy at War\src\libCommon\src\Calculator\ScriptingEnging.cpp(370,24): warning C4018:  "<": Konflikt zwischen "signed" und "unsigned"
D:\Entwicklung\Projekte\Galaxy at War\src\libCommon\src\Calculator\ScriptingEnging.cpp(398,28): warning C4018:  "<": Konflikt zwischen "signed" und "unsigned"
D:\Entwicklung\Projekte\Galaxy at War\src\libCommon\include\libCommon\data\Io.hpp(81,64): error C2039:  "FormatLocalTime": Ist kein Element von "util"
D:\Entwicklung\Projekte\Galaxy at War\src\libCommon\include\libCommon\datetime\Timer.hpp(7): message :  Siehe Deklaration von "util"
D:\Entwicklung\Projekte\Galaxy at War\src\libCommon\src\Calculator\ScriptingEnging.cpp(372): message :  Siehe Verweis auf die gerade kompilierte Instanziierung "int util::Channel::Write<_Ty,>(const std::string &,const TFirst &)" der Funktions-Vorlage.
D:\Entwicklung\Projekte\Galaxy at War\src\libCommon\src\Calculator\ScriptingEnging.cpp(372): message :         with
D:\Entwicklung\Projekte\Galaxy at War\src\libCommon\src\Calculator\ScriptingEnging.cpp(372): message :         [
D:\Entwicklung\Projekte\Galaxy at War\src\libCommon\src\Calculator\ScriptingEnging.cpp(372): message :             _Ty=calculator::parsing::ExpressionBase *,
D:\Entwicklung\Projekte\Galaxy at War\src\libCommon\src\Calculator\ScriptingEnging.cpp(372): message :             TFirst=calculator::parsing::ExpressionBase *
D:\Entwicklung\Projekte\Galaxy at War\src\libCommon\src\Calculator\ScriptingEnging.cpp(372): message :         ]
C:\Program Files (x86)\Microsoft Visual Studio\2019\Community\VC\Tools\MSVC\14.22.27905\include\chrono(591): message :  Siehe Verweis auf die gerade kompilierte Klasse Vorlage-Instanziierung "std::chrono::duration<double,std::ratio<1,1>>".
C:\Program Files (x86)\Microsoft Visual Studio\2019\Community\VC\Tools\MSVC\14.22.27905\include\chrono(169): message :  Siehe Verweis auf die gerade kompilierte Klasse Vorlage-Instanziierung "std::chrono::duration<__int64,std::nano>".
C:\Program Files (x86)\Microsoft Visual Studio\2019\Community\VC\Tools\MSVC\14.22.27905\include\chrono(570): message :  Siehe Verweis auf die gerade kompilierte Klasse Vorlage-Instanziierung "std::chrono::time_point<std::chrono::steady_clock,std::chrono::steady_clock::duration>".
D:\Entwicklung\Projekte\Galaxy at War\src\libCommon\include\libCommon\data\Io.hpp(79,1): error C3861:  "FormatLocalTime": Bezeichner wurde nicht gefunden.
D:\Entwicklung\Projekte\Galaxy at War\src\libCommon\include\libCommon\data\Io.hpp(81,47): warning C4473:  "fprintf": nicht genügend Argumente für Formatzeichenfolge übergeben
D:\Entwicklung\Projekte\Galaxy at War\src\libCommon\include\libCommon\data\Io.hpp(81,47): message :  Platzhalter und deren Parameter erwarten 2 variadic-Argumente, es wurden aber 1 variadic-Argumente bereitgestellt.
D:\Entwicklung\Projekte\Galaxy at War\src\libCommon\include\libCommon\data\Io.hpp(81,47): message :  Das fehlende variadic-Argument "2" ist für die Zeichenfolge "%s" erforderlich.
D:\Entwicklung\Projekte\Galaxy at War\src\libCommon\include\libCommon\data\Io.hpp(102,64): error C2039:  "FormatLocalTime": Ist kein Element von "util"
D:\Entwicklung\Projekte\Galaxy at War\src\libCommon\include\libCommon\datetime\Timer.hpp(7): message :  Siehe Deklaration von "util"
D:\Entwicklung\Projekte\Galaxy at War\src\libCommon\src\Calculator\ScriptingEnging.cpp(376): message :  Siehe Verweis auf die gerade kompilierte Instanziierung "int util::Channel::Write<char[3]>(const T (&))" der Funktions-Vorlage.
D:\Entwicklung\Projekte\Galaxy at War\src\libCommon\src\Calculator\ScriptingEnging.cpp(376): message :         with
D:\Entwicklung\Projekte\Galaxy at War\src\libCommon\src\Calculator\ScriptingEnging.cpp(376): message :         [
D:\Entwicklung\Projekte\Galaxy at War\src\libCommon\src\Calculator\ScriptingEnging.cpp(376): message :             T=char [3]
D:\Entwicklung\Projekte\Galaxy at War\src\libCommon\src\Calculator\ScriptingEnging.cpp(376): message :         ]
D:\Entwicklung\Projekte\Galaxy at War\src\libCommon\include\libCommon\data\Io.hpp(102,1): error C3861:  "FormatLocalTime": Bezeichner wurde nicht gefunden.
D:\Entwicklung\Projekte\Galaxy at War\src\libCommon\include\libCommon\data\Io.hpp(102,47): warning C4473:  "fprintf": nicht genügend Argumente für Formatzeichenfolge übergeben
D:\Entwicklung\Projekte\Galaxy at War\src\libCommon\include\libCommon\data\Io.hpp(102,47): message :  Platzhalter und deren Parameter erwarten 2 variadic-Argumente, es wurden aber 1 variadic-Argumente bereitgestellt.
  SetValue.cpp
D:\Entwicklung\Projekte\Galaxy at War\src\libCommon\include\libCommon\data\Io.hpp(102,47): message :  Das fehlende variadic-Argument "2" ist für die Zeichenfolge "%s" erforderlich.
  StringValue.cpp
D:\Entwicklung\Projekte\Galaxy at War\src\libCommon\include\libCommon\data\String.hpp(156,1): warning C4522:  "util::String": Mehrere Zuweisungsoperatoren angegeben
  Token.cpp
D:\Entwicklung\Projekte\Galaxy at War\src\libCommon\include\libCommon\data\String.hpp(156,1): warning C4522:  "util::String": Mehrere Zuweisungsoperatoren angegeben
  Tokenizer.cpp
D:\Entwicklung\Projekte\Galaxy at War\src\libCommon\include\libCommon\data\String.hpp(156,1): warning C4522:  "util::String": Mehrere Zuweisungsoperatoren angegeben
  TokenizerException.cpp
D:\Entwicklung\Projekte\Galaxy at War\src\libCommon\include\libCommon\data\String.hpp(156,1): warning C4522:  "util::String": Mehrere Zuweisungsoperatoren angegeben
  TokenType.cpp
D:\Entwicklung\Projekte\Galaxy at War\src\libCommon\include\libCommon\data\String.hpp(156,1): warning C4522:  "util::String": Mehrere Zuweisungsoperatoren angegeben
  Code wird generiert...
D:\Entwicklung\Projekte\Galaxy at War\src\libCommon\include\libCommon\data\String.hpp(156,1): warning C4522:  "util::String": Mehrere Zuweisungsoperatoren angegeben
  Kompilieren...
  Args.cpp
D:\Entwicklung\Projekte\Galaxy at War\src\libCommon\src\Calculator\Tokenizing\Tokenizer.cpp(196): warning C4715:  "calculator::tokenizing::Tokenizer::ReadNext": Nicht alle Codepfade geben einen Wert zurück.
  Cache.cpp
  Channel.cpp
D:\Entwicklung\Projekte\Galaxy at War\src\libCommon\include\libCommon\data\String.hpp(156,1): warning C4522:  "util::String": Mehrere Zuweisungsoperatoren angegeben
  Communicator.cpp
D:\Entwicklung\Projekte\Galaxy at War\src\libCommon\include\libCommon\data\String.hpp(156,1): warning C4522:  "util::String": Mehrere Zuweisungsoperatoren angegeben
  Io.cpp
D:\Entwicklung\Projekte\Galaxy at War\src\libCommon\include\libCommon\data\String.hpp(156,1): warning C4522:  "util::String": Mehrere Zuweisungsoperatoren angegeben
D:\Entwicklung\Projekte\Galaxy at War\src\libCommon\include\libCommon\data\String.hpp(156,1): warning C4522:  "util::String": Mehrere Zuweisungsoperatoren angegeben
D:\Entwicklung\Projekte\Galaxy at War\src\libCommon\src\data\Io\Io.cpp(24,24): warning C4244:  "Argument": Konvertierung von "std::streamoff" in "const unsigned int", möglicher Datenverlust
  Statics.cpp
D:\Entwicklung\Projekte\Galaxy at War\src\libCommon\src\data\Io\Io.cpp(47,28): warning C4244:  "Argument": Konvertierung von "std::streamoff" in "const unsigned int", möglicher Datenverlust
  ArrayNode.cpp
  Conversions.cpp
  FormattedPrinter.cpp
  IJsonSerializable.cpp
  Node.cpp
  ObjectNode.cpp
  OperationException.cpp
  Parser.cpp
D:\Entwicklung\Projekte\Galaxy at War\src\libCommon\include\libCommon\data\String.hpp(156,1): warning C4522:  "util::String": Mehrere Zuweisungsoperatoren angegeben
  ParserException.cpp
  PrimitiveNode.cpp
D:\Entwicklung\Projekte\Galaxy at War\src\libCommon\include\libCommon\data\String.hpp(156,1): warning C4522:  "util::String": Mehrere Zuweisungsoperatoren angegeben
  Tokenizer.cpp
D:\Entwicklung\Projekte\Galaxy at War\src\libCommon\include\libCommon\data\String.hpp(156,1): warning C4522:  "util::String": Mehrere Zuweisungsoperatoren angegeben
  TokenizerException.cpp
D:\Entwicklung\Projekte\Galaxy at War\src\libCommon\include\libCommon\data\String.hpp(156,1): warning C4522:  "util::String": Mehrere Zuweisungsoperatoren angegeben
  ValueException.cpp
  settings.cpp
  Code wird generiert...
D:\Entwicklung\Projekte\Galaxy at War\src\libCommon\include\libCommon\data\String.hpp(156,1): warning C4522:  "util::String": Mehrere Zuweisungsoperatoren angegeben
  Kompilieren...
  ParsingException.cpp
D:\Entwicklung\Projekte\Galaxy at War\src\libCommon\src\data\keyValueSettings\settings.cpp(82): warning C4715:  "util::SettingCollection::ReadSettings": Nicht alle Codepfade geben einen Wert zurück.
  Random.cpp
D:\Entwicklung\Projekte\Galaxy at War\src\libCommon\include\libCommon\data\String.hpp(156,1): warning C4522:  "util::String": Mehrere Zuweisungsoperatoren angegeben
  Conversions.cpp
D:\Entwicklung\Projekte\Galaxy at War\src\libCommon\src\data\random\Random.cpp(13,158): warning C4244:  "Argument": Konvertierung von "double" in "unsigned int", möglicher Datenverlust
  Escaping.cpp
D:\Entwicklung\Projekte\Galaxy at War\src\libCommon\include\libCommon\data\String.hpp(156,1): warning C4522:  "util::String": Mehrere Zuweisungsoperatoren angegeben
D:\Entwicklung\Projekte\Galaxy at War\src\libCommon\include\libCommon\data\String.hpp(156,1): warning C4522:  "util::String": Mehrere Zuweisungsoperatoren angegeben
D:\Entwicklung\Projekte\Galaxy at War\src\libCommon\src\data\StringUtils\Escaping.cpp(21,16): warning C4129:  "e": nicht erkannte Folge von Escapesequenz
D:\Entwicklung\Projekte\Galaxy at War\src\libCommon\src\data\StringUtils\Escaping.cpp(47,10): warning C4129:  "e": nicht erkannte Folge von Escapesequenz
D:\Entwicklung\Projekte\Galaxy at War\src\libCommon\src\data\StringUtils\Escaping.cpp(62,1): error C4996:  'std::wstring_convert<std::codecvt<char32_t,char,mbstate_t>,wchar_t,std::allocator<wchar_t>,std::allocator<char>>::to_bytes': warning STL4017: std::wbuffer_convert, std::wstring_convert, and the <codecvt> header (containing std::codecvt_mode, std::codecvt_utf8, std::codecvt_utf16, and std::codecvt_utf8_utf16) are deprecated in C++17. (The std::codecvt class template is NOT deprecated.) The C++ Standard doesn't provide equivalent non-deprecated functionality; consider using MultiByteToWideChar() and WideCharToMultiByte() from <Windows.h> instead. You can define _SILENCE_CXX17_CODECVT_HEADER_DEPRECATION_WARNING or _SILENCE_ALL_CXX17_DEPRECATION_WARNINGS to acknowledge that you have received this warning.
C:\Program Files (x86)\Microsoft Visual Studio\2019\Community\VC\Tools\MSVC\14.22.27905\include\xlocbuf(408): message :  Siehe Deklaration von "std::wstring_convert<std::codecvt<char32_t,char,mbstate_t>,wchar_t,std::allocator<wchar_t>,std::allocator<char>>::to_bytes"
C:\Program Files (x86)\Microsoft Visual Studio\2019\Community\VC\Tools\MSVC\14.22.27905\include\xlocbuf(441,26): error C2664:  "std::codecvt_base::result std::codecvt<char32_t,char,mbstate_t>::out(mbstate_t &,const char32_t *,const char32_t *,const char32_t *&,char *,char *,char *&) const" : Konvertierung von Argument 2 von "const _Elem *" in "const char32_t *" nicht möglich
C:\Program Files (x86)\Microsoft Visual Studio\2019\Community\VC\Tools\MSVC\14.22.27905\include\xlocbuf(441,26): error C2664:         with
C:\Program Files (x86)\Microsoft Visual Studio\2019\Community\VC\Tools\MSVC\14.22.27905\include\xlocbuf(441,26): error C2664:         [
C:\Program Files (x86)\Microsoft Visual Studio\2019\Community\VC\Tools\MSVC\14.22.27905\include\xlocbuf(441,26): error C2664:             _Elem=wchar_t
C:\Program Files (x86)\Microsoft Visual Studio\2019\Community\VC\Tools\MSVC\14.22.27905\include\xlocbuf(441,26): error C2664:         ]
C:\Program Files (x86)\Microsoft Visual Studio\2019\Community\VC\Tools\MSVC\14.22.27905\include\xlocbuf(441,40): message :  Die Typen, auf die verwiesen wird, sind nicht verknüpft; die Konvertierung erfordert einen reinterpret_cast-Operator oder eine Typumwandlung im C- oder Funktionsformat.
C:\Program Files (x86)\Microsoft Visual Studio\2019\Community\VC\Tools\MSVC\14.22.27905\include\xlocbuf(427): message :  beim Kompilieren der Klasse Vorlage-Memberfunktion "std::basic_string<char,std::char_traits<char>,std::allocator<char>> std::wstring_convert<std::codecvt<char32_t,char,mbstate_t>,wchar_t,std::allocator<wchar_t>,std::allocator<char>>::to_bytes(const _Elem *,const _Elem *)"
C:\Program Files (x86)\Microsoft Visual Studio\2019\Community\VC\Tools\MSVC\14.22.27905\include\xlocbuf(427): message :         with
C:\Program Files (x86)\Microsoft Visual Studio\2019\Community\VC\Tools\MSVC\14.22.27905\include\xlocbuf(427): message :         [
C:\Program Files (x86)\Microsoft Visual Studio\2019\Community\VC\Tools\MSVC\14.22.27905\include\xlocbuf(427): message :             _Elem=wchar_t
C:\Program Files (x86)\Microsoft Visual Studio\2019\Community\VC\Tools\MSVC\14.22.27905\include\xlocbuf(427): message :         ]
C:\Program Files (x86)\Microsoft Visual Studio\2019\Community\VC\Tools\MSVC\14.22.27905\include\xlocbuf(409): message :  Siehe Verweis auf die gerade kompilierte Instanziierung "std::basic_string<char,std::char_traits<char>,std::allocator<char>> std::wstring_convert<std::codecvt<char32_t,char,mbstate_t>,wchar_t,std::allocator<wchar_t>,std::allocator<char>>::to_bytes(const _Elem *,const _Elem *)" der Funktions-Vorlage.
C:\Program Files (x86)\Microsoft Visual Studio\2019\Community\VC\Tools\MSVC\14.22.27905\include\xlocbuf(409): message :         with
C:\Program Files (x86)\Microsoft Visual Studio\2019\Community\VC\Tools\MSVC\14.22.27905\include\xlocbuf(409): message :         [
C:\Program Files (x86)\Microsoft Visual Studio\2019\Community\VC\Tools\MSVC\14.22.27905\include\xlocbuf(409): message :             _Elem=wchar_t
C:\Program Files (x86)\Microsoft Visual Studio\2019\Community\VC\Tools\MSVC\14.22.27905\include\xlocbuf(409): message :         ]
D:\Entwicklung\Projekte\Galaxy at War\src\libCommon\src\data\StringUtils\Escaping.cpp(62): message :  Siehe Verweis auf die gerade kompilierte Klasse Vorlage-Instanziierung "std::wstring_convert<std::codecvt<char32_t,char,mbstate_t>,wchar_t,std::allocator<wchar_t>,std::allocator<char>>".
C:\Program Files (x86)\Microsoft Visual Studio\2019\Community\VC\Tools\MSVC\14.22.27905\include\chrono(591): message :  Siehe Verweis auf die gerade kompilierte Klasse Vorlage-Instanziierung "std::chrono::duration<double,std::ratio<1,1>>".
C:\Program Files (x86)\Microsoft Visual Studio\2019\Community\VC\Tools\MSVC\14.22.27905\include\chrono(169): message :  Siehe Verweis auf die gerade kompilierte Klasse Vorlage-Instanziierung "std::chrono::duration<__int64,std::nano>".
  FormatException.cpp
C:\Program Files (x86)\Microsoft Visual Studio\2019\Community\VC\Tools\MSVC\14.22.27905\include\chrono(570): message :  Siehe Verweis auf die gerade kompilierte Klasse Vorlage-Instanziierung "std::chrono::time_point<std::chrono::steady_clock,std::chrono::steady_clock::duration>".
  HexNumberConversions.cpp
D:\Entwicklung\Projekte\Galaxy at War\src\libCommon\include\libCommon\data\String.hpp(156,1): warning C4522:  "util::String": Mehrere Zuweisungsoperatoren angegeben
  Justification.cpp
D:\Entwicklung\Projekte\Galaxy at War\src\libCommon\include\libCommon\data\String.hpp(156,1): warning C4522:  "util::String": Mehrere Zuweisungsoperatoren angegeben
D:\Entwicklung\Projekte\Galaxy at War\src\libCommon\include\libCommon\data\String.hpp(156,1): warning C4522:  "util::String": Mehrere Zuweisungsoperatoren angegeben
D:\Entwicklung\Projekte\Galaxy at War\src\libCommon\src\data\StringUtils\Justification.cpp(67,29): warning C4018:  ">": Konflikt zwischen "signed" und "unsigned"
D:\Entwicklung\Projekte\Galaxy at War\src\libCommon\src\data\StringUtils\Justification.cpp(72,36): warning C4018:  ">": Konflikt zwischen "signed" und "unsigned"
  SetupStream.cpp
D:\Entwicklung\Projekte\Galaxy at War\src\libCommon\src\data\StringUtils\Justification.cpp(80,46): warning C4018:  ">": Konflikt zwischen "signed" und "unsigned"
D:\Entwicklung\Projekte\Galaxy at War\src\libCommon\include\libCommon\data\String.hpp(156,1): warning C4522:  "util::String": Mehrere Zuweisungsoperatoren angegeben
  Split.cpp
D:\Entwicklung\Projekte\Galaxy at War\src\libCommon\src\data\StringUtils\SetupStream.cpp(23,23): warning C4018:  "<": Konflikt zwischen "signed" und "unsigned"
D:\Entwicklung\Projekte\Galaxy at War\src\libCommon\include\libCommon\data\String.hpp(156,1): warning C4522:  "util::String": Mehrere Zuweisungsoperatoren angegeben
D:\Entwicklung\Projekte\Galaxy at War\src\libCommon\src\data\StringUtils\Split.cpp(136,21): warning C4018:  "<": Konflikt zwischen "signed" und "unsigned"
D:\Entwicklung\Projekte\Galaxy at War\src\libCommon\src\data\StringUtils\Split.cpp(143,19): warning C4018:  "<": Konflikt zwischen "signed" und "unsigned"
  Strip.cpp
D:\Entwicklung\Projekte\Galaxy at War\src\libCommon\src\data\StringUtils\Split.cpp(148,16): warning C4018:  "<": Konflikt zwischen "signed" und "unsigned"
  StructureAnalysis.cpp
D:\Entwicklung\Projekte\Galaxy at War\src\libCommon\include\libCommon\data\String.hpp(156,1): warning C4522:  "util::String": Mehrere Zuweisungsoperatoren angegeben
D:\Entwicklung\Projekte\Galaxy at War\src\libCommon\include\libCommon\data\String.hpp(156,1): warning C4522:  "util::String": Mehrere Zuweisungsoperatoren angegeben
D:\Entwicklung\Projekte\Galaxy at War\src\libCommon\src\data\StringUtils\StructureAnalysis.cpp(43,24): warning C4018:  "<=": Konflikt zwischen "signed" und "unsigned"
D:\Entwicklung\Projekte\Galaxy at War\src\libCommon\src\data\StringUtils\StructureAnalysis.cpp(48,24): warning C4018:  "<=": Konflikt zwischen "signed" und "unsigned"
D:\Entwicklung\Projekte\Galaxy at War\src\libCommon\src\data\StringUtils\StructureAnalysis.cpp(53,24): warning C4018:  "<=": Konflikt zwischen "signed" und "unsigned"
D:\Entwicklung\Projekte\Galaxy at War\src\libCommon\src\data\StringUtils\StructureAnalysis.cpp(55,28): warning C4018:  "<=": Konflikt zwischen "signed" und "unsigned"
  UpperLowerConversions.cpp
D:\Entwicklung\Projekte\Galaxy at War\src\libCommon\src\data\StringUtils\StructureAnalysis.cpp(70,23): warning C4834:  Der Rückgabewert einer Funktion mit dem "nodiscard"-Attribut wird verworfen.
  Conversions.cpp
  RoundTimer.cpp
  Timer.cpp
  SignalEvent.cpp
  Exception.cpp
  FileNotFoundException.cpp
D:\Entwicklung\Projekte\Galaxy at War\src\libCommon\include\libCommon\data\String.hpp(156,1): warning C4522:  "util::String": Mehrere Zuweisungsoperatoren angegeben
  IndexOutOfRangeException.cpp
D:\Entwicklung\Projekte\Galaxy at War\src\libCommon\include\libCommon\data\String.hpp(156,1): warning C4522:  "util::String": Mehrere Zuweisungsoperatoren angegeben
  InvalidCaseException.cpp
D:\Entwicklung\Projekte\Galaxy at War\src\libCommon\include\libCommon\data\String.hpp(156,1): warning C4522:  "util::String": Mehrere Zuweisungsoperatoren angegeben
  Code wird generiert...
  Kompilieren...
  MissingKeyException.cpp
D:\Entwicklung\Projekte\Galaxy at War\src\libCommon\include\libCommon\data\String.hpp(156,1): warning C4522:  "util::String": Mehrere Zuweisungsoperatoren angegeben
  NotImplementedException.cpp
D:\Entwicklung\Projekte\Galaxy at War\src\libCommon\include\libCommon\data\String.hpp(156,1): warning C4522:  "util::String": Mehrere Zuweisungsoperatoren angegeben
  NotSupportedException.cpp
D:\Entwicklung\Projekte\Galaxy at War\src\libCommon\include\libCommon\data\String.hpp(156,1): warning C4522:  "util::String": Mehrere Zuweisungsoperatoren angegeben
  OverflowException.cpp
D:\Entwicklung\Projekte\Galaxy at War\src\libCommon\include\libCommon\data\String.hpp(156,1): warning C4522:  "util::String": Mehrere Zuweisungsoperatoren angegeben
  Color.cpp
D:\Entwicklung\Projekte\Galaxy at War\src\libCommon\include\libCommon\data\String.hpp(156,1): warning C4522:  "util::String": Mehrere Zuweisungsoperatoren angegeben
D:\Entwicklung\Projekte\Galaxy at War\src\libCommon\include\libCommon\data\String.hpp(156,1): warning C4522:  "util::String": Mehrere Zuweisungsoperatoren angegeben
D:\Entwicklung\Projekte\Galaxy at War\src\libCommon\src\graphics\Color.cpp(59,26): warning C4244:  "return": Konvertierung von "double" in "float", möglicher Datenverlust
D:\Entwicklung\Projekte\Galaxy at War\src\libCommon\src\graphics\Color.cpp(64,24): warning C4244:  "return": Konvertierung von "double" in "float", möglicher Datenverlust
D:\Entwicklung\Projekte\Galaxy at War\src\libCommon\src\graphics\Color.cpp(69,26): warning C4244:  "return": Konvertierung von "double" in "float", möglicher Datenverlust
  Runner.cpp
D:\Entwicklung\Projekte\Galaxy at War\src\libCommon\src\graphics\Color.cpp(74,25): warning C4244:  "return": Konvertierung von "double" in "float", möglicher Datenverlust
  SimpleTest.cpp
D:\Entwicklung\Projekte\Galaxy at War\src\libCommon\include\libCommon\data\String.hpp(156,1): warning C4522:  "util::String": Mehrere Zuweisungsoperatoren angegeben
  Source.cpp
  Test.cpp
D:\Entwicklung\Projekte\Galaxy at War\src\libCommon\include\libCommon\data\String.hpp(156,1): warning C4522:  "util::String": Mehrere Zuweisungsoperatoren angegeben
  TestBase.cpp
D:\Entwicklung\Projekte\Galaxy at War\src\libCommon\include\libCommon\data\String.hpp(156,1): warning C4522:  "util::String": Mehrere Zuweisungsoperatoren angegeben
  TestConfig.cpp
D:\Entwicklung\Projekte\Galaxy at War\src\libCommon\include\libCommon\data\String.hpp(156,1): warning C4522:  "util::String": Mehrere Zuweisungsoperatoren angegeben
  TestRun.cpp
D:\Entwicklung\Projekte\Galaxy at War\src\libCommon\include\libCommon\data\String.hpp(156,1): warning C4522:  "util::String": Mehrere Zuweisungsoperatoren angegeben
D:\Entwicklung\Projekte\Galaxy at War\src\libCommon\include\libCommon\data\String.hpp(156,1): warning C4522:  "util::String": Mehrere Zuweisungsoperatoren angegeben
D:\Entwicklung\Projekte\Galaxy at War\src\libCommon\src\testFramework\TestRun.cpp(46,32): warning C4305:  "Argument": Verkürzung von "int" in "const _Elem"
D:\Entwicklung\Projekte\Galaxy at War\src\libCommon\src\testFramework\TestRun.cpp(46,32): warning C4305:         with
D:\Entwicklung\Projekte\Galaxy at War\src\libCommon\src\testFramework\TestRun.cpp(46,32): warning C4305:         [
D:\Entwicklung\Projekte\Galaxy at War\src\libCommon\src\testFramework\TestRun.cpp(46,32): warning C4305:             _Elem=char
D:\Entwicklung\Projekte\Galaxy at War\src\libCommon\src\testFramework\TestRun.cpp(46,32): warning C4305:         ]
D:\Entwicklung\Projekte\Galaxy at War\src\libCommon\src\testFramework\TestRun.cpp(46,27): warning C4309:  "Argument": Verkürzung eines konstanten Wertes
D:\Entwicklung\Projekte\Galaxy at War\src\libCommon\src\testFramework\TestRun.cpp(27,25): warning C4101:  "e": Unreferenzierte lokale Variable
  Code wird generiert...
D:\Entwicklung\Projekte\Galaxy at War\src\libCommon\src\testFramework\TestRun.cpp(58,25): warning C4101:  "e": Unreferenzierte lokale Variable
D:\Entwicklung\Projekte\Galaxy at War\src\libCommon\src\graphics\Color.cpp(188): warning C4715:  "util::Color::FromHexString": Nicht alle Codepfade geben einen Wert zurück.
